<?xml version="1.0" encoding="utf-8"?><testsuites name="pytest tests"><testsuite name="pytest" errors="0" failures="0" skipped="0" tests="17" time="0.044" timestamp="2025-11-25T14:07:38.964198+00:00" hostname="runtime-ccgxhedashxsphqj-6c7f8f64d7-vm6mt"><testcase classname="tests.test_api_integration.TestOpenHandsAPIIntegration" name="test_test_connection_success" time="0.003" /><testcase classname="tests.test_api_integration.TestOpenHandsAPIIntegration" name="test_test_connection_failure" time="0.001" /><testcase classname="tests.test_api_integration.TestOpenHandsAPIIntegration" name="test_search_conversations" time="0.001" /><testcase classname="tests.test_api_integration.TestOpenHandsAPIIntegration" name="test_search_conversations_with_pagination" time="0.001" /><testcase classname="tests.test_api_integration.TestOpenHandsAPIIntegration" name="test_search_conversations_unauthorized" time="0.001" /><testcase classname="tests.test_api_integration.TestOpenHandsAPIIntegration" name="test_get_conversation" time="0.001" /><testcase classname="tests.test_api_integration.TestOpenHandsAPIIntegration" name="test_start_conversation" time="0.001" /><testcase classname="tests.test_api_integration.TestOpenHandsAPIIntegration" name="test_start_conversation_failure" time="0.001" /><testcase classname="tests.test_api_integration.TestOpenHandsAPIIntegration" name="test_get_conversation_changes_with_runtime" time="0.001" /><testcase classname="tests.test_api_integration.TestOpenHandsAPIIntegration" name="test_get_conversation_changes_not_found" time="0.001" /><testcase classname="tests.test_api_integration.TestOpenHandsAPIIntegration" name="test_get_file_content" time="0.001" /><testcase classname="tests.test_api_integration.TestOpenHandsAPIIntegration" name="test_get_file_content_not_found" time="0.001" /><testcase classname="tests.test_api_integration.TestOpenHandsAPIIntegration" name="test_download_workspace_archive" time="0.001" /><testcase classname="tests.test_api_integration.TestOpenHandsAPIIntegration" name="test_get_trajectory" time="0.009" /><testcase classname="tests.test_conversation_manager" name="test_module_imports" time="0.000" /><testcase classname="tests.test_conversation_manager" name="test_main_function_exists" time="0.000" /><testcase classname="tests.test_conversation_manager.TestConversationManager" name="test_placeholder" time="0.000" /></testsuite></testsuites>
