<?xml version="1.0" encoding="utf-8"?><testsuites name="pytest tests"><testsuite name="pytest" errors="0" failures="0" skipped="0" tests="3" time="0.633" timestamp="2025-11-24T16:50:59.701392+00:00" hostname="runtime-xulrxobaznydogve-845889d4cb-529j9"><testcase classname="tests.test_conversation_manager" name="test_module_imports" time="0.001" /><testcase classname="tests.test_conversation_manager" name="test_main_function_exists" time="0.001" /><testcase classname="tests.test_conversation_manager.TestConversationManager" name="test_placeholder" time="0.000" /></testsuite></testsuites>
